\BOOKMARK [-1][-]{part.1}{\376\377\000I\000\040\000S\000y\000s\000t\000e\000m\000\040\000O\000v\000e\000r\000v\000i\000e\000w}{}% 1
\BOOKMARK [0][-]{chapter.1}{\376\377\000S\000c\000o\000p\000e\000\040\000a\000n\000d\000\040\000O\000b\000j\000e\000c\000t\000i\000v\000e\000s}{part.1}% 2
\BOOKMARK [1][-]{section.1.1}{\376\377\000P\000u\000r\000p\000o\000s\000e\000\040\000a\000n\000d\000\040\000N\000o\000n\000-\000g\000o\000a\000l\000s}{chapter.1}% 3
\BOOKMARK [1][-]{section.1.2}{\376\377\000A\000r\000c\000h\000i\000t\000e\000c\000t\000u\000r\000e\000\040\000a\000t\000\040\000a\000\040\000G\000l\000a\000n\000c\000e}{chapter.1}% 4
\BOOKMARK [1][-]{section.1.3}{\376\377\000T\000h\000r\000e\000a\000t\000\040\000M\000o\000d\000e\000l\000\040\000a\000n\000d\000\040\000A\000s\000s\000u\000m\000p\000t\000i\000o\000n\000s}{chapter.1}% 5
\BOOKMARK [0][-]{chapter.2}{\376\377\000C\000o\000n\000f\000i\000g\000u\000r\000a\000t\000i\000o\000n\000\040\000S\000u\000r\000f\000a\000c\000e}{part.1}% 6
\BOOKMARK [1][-]{section.2.1}{\376\377\000G\000l\000o\000b\000a\000l\000\040\000D\000e\000f\000a\000u\000l\000t\000s\000\040\000\050\000c\000o\000r\000e\000/\000c\000o\000n\000f\000i\000g\000.\000p\000y\000,\000\040\000C\000O\000N\000F\000I\000G\000\051}{chapter.2}% 7
\BOOKMARK [1][-]{section.2.2}{\376\377\000V\000a\000l\000i\000d\000a\000t\000i\000o\000n\000\040\000L\000o\000g\000i\000c\000\040\000\050\000v\000a\000l\000i\000d\000a\000t\000e\000\137\000c\000o\000n\000f\000i\000g\000\051}{chapter.2}% 8
\BOOKMARK [1][-]{section.2.3}{\376\377\000E\000n\000v\000i\000r\000o\000n\000m\000e\000n\000t\000\040\000O\000v\000e\000r\000r\000i\000d\000e\000s\000\040\000\050\000a\000p\000p\000l\000y\000\137\000e\000n\000v\000\137\000o\000v\000e\000r\000r\000i\000d\000e\000s\000\051}{chapter.2}% 9
\BOOKMARK [1][-]{section.2.4}{\376\377\000O\000p\000e\000r\000a\000t\000i\000o\000n\000a\000l\000\040\000P\000r\000o\000f\000i\000l\000e\000s}{chapter.2}% 10
\BOOKMARK [1][-]{section.2.5}{\376\377\000P\000o\000r\000t\000\040\000M\000a\000p}{chapter.2}% 11
\BOOKMARK [-1][-]{part.2}{\376\377\000I\000I\000\040\000C\000r\000y\000p\000t\000o\000g\000r\000a\000p\000h\000i\000c\000\040\000P\000i\000p\000e\000l\000i\000n\000e}{}% 12
\BOOKMARK [0][-]{chapter.3}{\376\377\000S\000u\000i\000t\000e\000\040\000R\000e\000g\000i\000s\000t\000r\000y\000\040\000a\000n\000d\000\040\000S\000e\000l\000e\000c\000t\000i\000o\000n}{part.2}% 13
\BOOKMARK [1][-]{section.3.1}{\376\377\000R\000e\000g\000i\000s\000t\000r\000y\000\040\000S\000t\000r\000u\000c\000t\000u\000r\000e\000\040\000\050\000c\000o\000r\000e\000/\000s\000u\000i\000t\000e\000s\000.\000p\000y\000\051}{chapter.3}% 14
\BOOKMARK [1][-]{section.3.2}{\376\377\000S\000u\000i\000t\000e\000\040\000C\000o\000m\000p\000o\000s\000i\000t\000i\000o\000n\000\040\000\050\000b\000u\000i\000l\000d\000\137\000s\000u\000i\000t\000e\000\137\000i\000d\000,\000\040\000\137\000c\000o\000m\000p\000o\000s\000e\000\137\000s\000u\000i\000t\000e\000\051}{chapter.3}% 15
\BOOKMARK [1][-]{section.3.3}{\376\377\000R\000u\000n\000t\000i\000m\000e\000\040\000F\000i\000l\000t\000e\000r\000i\000n\000g\000\040\000\050\000a\000v\000a\000i\000l\000a\000b\000l\000e\000\137\000a\000e\000a\000d\000\137\000t\000o\000k\000e\000n\000s\000,\000\040\000e\000n\000a\000b\000l\000e\000d\000\137\000s\000i\000g\000s\000\051}{chapter.3}% 16
\BOOKMARK [1][-]{section.3.4}{\376\377\000H\000e\000a\000d\000e\000r\000\040\000I\000D\000\040\000M\000a\000p\000p\000i\000n\000g\000\040\000\050\000h\000e\000a\000d\000e\000r\000\137\000i\000d\000s\000\137\000f\000o\000r\000\137\000s\000u\000i\000t\000e\000\051}{chapter.3}% 17
\BOOKMARK [1][-]{section.3.5}{\376\377\000T\000a\000b\000l\000e\000s}{chapter.3}% 18
\BOOKMARK [0][-]{chapter.4}{\376\377\000H\000a\000n\000d\000s\000h\000a\000k\000e\000\040\000P\000r\000o\000t\000o\000c\000o\000l}{part.2}% 19
\BOOKMARK [1][-]{section.4.1}{\376\377\000K\000e\000y\000\040\000R\000o\000l\000e\000s}{chapter.4}% 20
\BOOKMARK [1][-]{section.4.2}{\376\377\000S\000e\000r\000v\000e\000r\000H\000e\000l\000l\000o\000\040\000C\000o\000n\000s\000t\000r\000u\000c\000t\000i\000o\000n\000\040\000\050\000b\000u\000i\000l\000d\000\137\000s\000e\000r\000v\000e\000r\000\137\000h\000e\000l\000l\000o\000\051}{chapter.4}% 21
\BOOKMARK [1][-]{section.4.3}{\376\377\000S\000e\000r\000v\000e\000r\000H\000e\000l\000l\000o\000\040\000V\000e\000r\000i\000f\000i\000c\000a\000t\000i\000o\000n\000\040\000\050\000p\000a\000r\000s\000e\000\137\000a\000n\000d\000\137\000v\000e\000r\000i\000f\000y\000\137\000s\000e\000r\000v\000e\000r\000\137\000h\000e\000l\000l\000o\000\051}{chapter.4}% 22
\BOOKMARK [1][-]{section.4.4}{\376\377\000P\000S\000K\000\040\000A\000u\000t\000h\000\040\000T\000a\000g\000\040\000\050\000\137\000d\000r\000o\000n\000e\000\137\000p\000s\000k\000\137\000b\000y\000t\000e\000s\000\051}{chapter.4}% 23
\BOOKMARK [1][-]{section.4.5}{\376\377\000C\000l\000i\000e\000n\000t\000\040\000E\000n\000c\000a\000p\000s\000u\000l\000a\000t\000i\000o\000n\000\040\000\050\000c\000l\000i\000e\000n\000t\000\137\000e\000n\000c\000a\000p\000s\000u\000l\000a\000t\000e\000\051}{chapter.4}% 24
\BOOKMARK [1][-]{section.4.6}{\376\377\000S\000e\000r\000v\000e\000r\000\040\000D\000e\000c\000a\000p\000s\000u\000l\000a\000t\000i\000o\000n\000\040\000\050\000s\000e\000r\000v\000e\000r\000\137\000d\000e\000c\000a\000p\000s\000u\000l\000a\000t\000e\000\051}{chapter.4}% 25
\BOOKMARK [1][-]{section.4.7}{\376\377\000K\000e\000y\000\040\000D\000e\000r\000i\000v\000a\000t\000i\000o\000n\000\040\000\050\000d\000e\000r\000i\000v\000e\000\137\000t\000r\000a\000n\000s\000p\000o\000r\000t\000\137\000k\000e\000y\000s\000\051}{chapter.4}% 26
\BOOKMARK [1][-]{section.4.8}{\376\377\000F\000u\000l\000l\000\040\000F\000l\000o\000w\000s\000\040\000\050\000s\000e\000r\000v\000e\000r\000\137\000g\000c\000s\000\137\000h\000a\000n\000d\000s\000h\000a\000k\000e\000,\000\040\000c\000l\000i\000e\000n\000t\000\137\000d\000r\000o\000n\000e\000\137\000h\000a\000n\000d\000s\000h\000a\000k\000e\000\051}{chapter.4}% 27
\BOOKMARK [1][-]{section.4.9}{\376\377\000M\000e\000s\000s\000a\000g\000e\000\040\000F\000o\000r\000m\000a\000t\000s}{chapter.4}% 28
\BOOKMARK [0][-]{chapter.5}{\376\377\000A\000E\000A\000D\000\040\000F\000r\000a\000m\000i\000n\000g\000\040\000a\000n\000d\000\040\000R\000e\000p\000l\000a\000y\000\040\000P\000r\000o\000t\000e\000c\000t\000i\000o\000n}{part.2}% 29
\BOOKMARK [1][-]{section.5.1}{\376\377\000H\000e\000a\000d\000e\000r\000\040\000F\000o\000r\000m\000a\000t\000\040\000a\000n\000d\000\040\000E\000p\000o\000c\000h\000s}{chapter.5}% 30
\BOOKMARK [1][-]{section.5.2}{\376\377\000N\000o\000n\000c\000e\000\040\000C\000o\000n\000s\000t\000r\000u\000c\000t\000i\000o\000n\000\040\000\050\000\137\000b\000u\000i\000l\000d\000\137\000n\000o\000n\000c\000e\000\051}{chapter.5}% 31
\BOOKMARK [1][-]{section.5.3}{\376\377\000T\000o\000k\000e\000n\000\040\000S\000u\000p\000p\000o\000r\000t\000\040\000\050\000\137\000c\000a\000n\000o\000n\000i\000c\000a\000l\000i\000z\000e\000\137\000a\000e\000a\000d\000\137\000t\000o\000k\000e\000n\000,\000\040\000\137\000i\000n\000s\000t\000a\000n\000t\000i\000a\000t\000e\000\137\000a\000e\000a\000d\000\051}{chapter.5}% 32
\BOOKMARK [1][-]{section.5.4}{\376\377\000S\000e\000n\000d\000e\000r\000\040\000S\000t\000a\000t\000e\000\040\000M\000a\000c\000h\000i\000n\000e\000\040\000\050\000S\000e\000n\000d\000e\000r\000.\000e\000n\000c\000r\000y\000p\000t\000,\000\040\000b\000u\000m\000p\000\137\000e\000p\000o\000c\000h\000\051}{chapter.5}% 33
\BOOKMARK [1][-]{section.5.5}{\376\377\000R\000e\000c\000e\000i\000v\000e\000r\000\040\000S\000t\000a\000t\000e\000\040\000M\000a\000c\000h\000i\000n\000e\000\040\000\050\000R\000e\000c\000e\000i\000v\000e\000r\000.\000d\000e\000c\000r\000y\000p\000t\000,\000\040\000\137\000c\000h\000e\000c\000k\000\137\000r\000e\000p\000l\000a\000y\000\051}{chapter.5}% 34
\BOOKMARK [1][-]{section.5.6}{\376\377\000E\000r\000r\000o\000r\000\040\000S\000e\000m\000a\000n\000t\000i\000c\000s}{chapter.5}% 35
\BOOKMARK [1][-]{section.5.7}{\376\377\000T\000a\000b\000l\000e\000s}{chapter.5}% 36
\BOOKMARK [0][-]{chapter.6}{\376\377\000C\000o\000n\000t\000r\000o\000l\000\040\000P\000l\000a\000n\000e\000\040\000S\000t\000a\000t\000e\000\040\000M\000a\000c\000h\000i\000n\000e}{part.2}% 37
\BOOKMARK [1][-]{section.6.1}{\376\377\000D\000a\000t\000a\000\040\000S\000t\000r\000u\000c\000t\000u\000r\000e\000s\000\040\000\050\000C\000o\000n\000t\000r\000o\000l\000S\000t\000a\000t\000e\000,\000\040\000C\000o\000n\000t\000r\000o\000l\000R\000e\000s\000u\000l\000t\000\051}{chapter.6}% 38
\BOOKMARK [1][-]{section.6.2}{\376\377\000C\000o\000o\000r\000d\000i\000n\000a\000t\000o\000r\000\040\000R\000o\000l\000e\000\040\000\050\000s\000e\000t\000\137\000c\000o\000o\000r\000d\000i\000n\000a\000t\000o\000r\000\137\000r\000o\000l\000e\000,\000\040\000i\000s\000\137\000c\000o\000o\000r\000d\000i\000n\000a\000t\000o\000r\000\051}{chapter.6}% 39
\BOOKMARK [1][-]{section.6.3}{\376\377\000P\000r\000e\000p\000a\000r\000e\000/\000C\000o\000m\000m\000i\000t\000\040\000F\000l\000o\000w\000\040\000\050\000r\000e\000q\000u\000e\000s\000t\000\137\000p\000r\000e\000p\000a\000r\000e\000,\000\040\000h\000a\000n\000d\000l\000e\000\137\000c\000o\000n\000t\000r\000o\000l\000\051}{chapter.6}% 40
\BOOKMARK [1][-]{section.6.4}{\376\377\000O\000u\000t\000b\000o\000x\000\040\000H\000a\000n\000d\000l\000i\000n\000g\000\040\000\050\000e\000n\000q\000u\000e\000u\000e\000\137\000j\000s\000o\000n\000\051}{chapter.6}% 41
\BOOKMARK [1][-]{section.6.5}{\376\377\000M\000e\000t\000r\000i\000c\000s\000\040\000a\000n\000d\000\040\000S\000t\000a\000t\000s}{chapter.6}% 42
\BOOKMARK [0][-]{chapter.7}{\376\377\000T\000C\000P\000\040\000C\000o\000n\000t\000r\000o\000l\000\040\000S\000e\000r\000v\000e\000r\000\040\000\050\000O\000p\000t\000i\000o\000n\000a\000l\000\051}{part.2}% 43
\BOOKMARK [1][-]{section.7.1}{\376\377\000S\000e\000r\000v\000e\000r\000\040\000L\000i\000f\000e\000c\000y\000c\000l\000e\000\040\000\050\000C\000o\000n\000t\000r\000o\000l\000T\000c\000p\000S\000e\000r\000v\000e\000r\000.\000s\000t\000a\000r\000t\000/\000s\000t\000o\000p\000\051}{chapter.7}% 44
\BOOKMARK [1][-]{section.7.2}{\376\377\000A\000u\000t\000h\000o\000r\000i\000z\000a\000t\000i\000o\000n\000\040\000\050\000i\000s\000\137\000a\000l\000l\000o\000w\000e\000d\000\137\000p\000e\000e\000r\000,\000\040\000i\000s\000\137\000a\000l\000l\000o\000w\000e\000d\000\137\000r\000e\000k\000e\000y\000\137\000p\000e\000e\000r\000\051}{chapter.7}% 45
\BOOKMARK [1][-]{section.7.3}{\376\377\000C\000o\000m\000m\000a\000n\000d\000\040\000S\000e\000t\000\040\000\050\000p\000i\000n\000g\000,\000\040\000s\000t\000a\000t\000u\000s\000,\000\040\000r\000e\000k\000e\000y\000\051}{chapter.7}% 46
\BOOKMARK [1][-]{section.7.4}{\376\377\000F\000a\000c\000t\000o\000r\000y\000\040\000H\000e\000l\000p\000e\000r\000s\000\040\000\050\000s\000t\000a\000r\000t\000\137\000c\000o\000n\000t\000r\000o\000l\000\137\000s\000e\000r\000v\000e\000r\000\137\000i\000f\000\137\000e\000n\000a\000b\000l\000e\000d\000\051}{chapter.7}% 47
\BOOKMARK [0][-]{chapter.8}{\376\377\000P\000r\000o\000x\000y\000\040\000R\000u\000n\000t\000i\000m\000e\000\040\000\050\000S\000e\000l\000e\000c\000t\000o\000r\000-\000B\000a\000s\000e\000d\000\051}{part.2}% 48
\BOOKMARK [1][-]{section.8.1}{\376\377\000P\000r\000o\000c\000e\000s\000s\000\040\000L\000a\000y\000o\000u\000t}{chapter.8}% 49
\BOOKMARK [1][-]{section.8.2}{\376\377\000H\000a\000n\000d\000s\000h\000a\000k\000e\000\040\000I\000n\000v\000o\000c\000a\000t\000i\000o\000n\000\040\000\050\000p\000e\000r\000f\000o\000r\000m\000\137\000h\000a\000n\000d\000s\000h\000a\000k\000e\000\051}{chapter.8}% 50
\BOOKMARK [1][-]{section.8.3}{\376\377\000S\000o\000c\000k\000e\000t\000\040\000W\000i\000r\000i\000n\000g\000\040\000\050\000s\000e\000t\000u\000p\000\137\000s\000o\000c\000k\000e\000t\000s\000\051}{chapter.8}% 51
\BOOKMARK [1][-]{section.8.4}{\376\377\000A\000E\000A\000D\000\040\000C\000o\000n\000t\000e\000x\000t\000\040\000C\000o\000n\000s\000t\000r\000u\000c\000t\000i\000o\000n\000\040\000\050\000b\000u\000i\000l\000d\000\137\000s\000e\000n\000d\000e\000r\000\137\000r\000e\000c\000e\000i\000v\000e\000r\000\051}{chapter.8}% 52
\BOOKMARK [1][-]{section.8.5}{\376\377\000P\000a\000c\000k\000e\000t\000\040\000F\000l\000o\000w\000\040\000\050\000m\000a\000i\000n\000\040\000l\000o\000o\000p\000\051}{chapter.8}% 53
\BOOKMARK [1][-]{section.8.6}{\376\377\000C\000o\000u\000n\000t\000e\000r\000s\000\040\000\050\000P\000r\000o\000x\000y\000C\000o\000u\000n\000t\000e\000r\000s\000\051}{chapter.8}% 54
\BOOKMARK [1][-]{section.8.7}{\376\377\000M\000a\000n\000u\000a\000l\000\040\000C\000o\000n\000t\000r\000o\000l\000\040\000\050\000l\000a\000u\000n\000c\000h\000\137\000m\000a\000n\000u\000a\000l\000\137\000c\000o\000n\000s\000o\000l\000e\000\051}{chapter.8}% 55
\BOOKMARK [1][-]{section.8.8}{\376\377\000T\000C\000P\000\040\000C\000o\000n\000t\000r\000o\000l\000\040\000I\000n\000t\000e\000g\000r\000a\000t\000i\000o\000n}{chapter.8}% 56
\BOOKMARK [1][-]{section.8.9}{\376\377\000E\000r\000r\000o\000r\000\040\000H\000a\000n\000d\000l\000i\000n\000g}{chapter.8}% 57
\BOOKMARK [0][-]{chapter.9}{\376\377\000P\000r\000o\000c\000e\000s\000s\000\040\000L\000i\000f\000e\000c\000y\000c\000l\000e\000\040\000a\000n\000d\000\040\000L\000o\000g\000g\000i\000n\000g}{part.2}% 58
\BOOKMARK [1][-]{section.9.1}{\376\377\000M\000a\000n\000a\000g\000e\000d\000P\000r\000o\000c\000e\000s\000s}{chapter.9}% 59
\BOOKMARK [1][-]{section.9.2}{\376\377\000R\000e\000g\000i\000s\000t\000r\000y\000\040\000C\000l\000e\000a\000n\000u\000p\000\040\000\050\000k\000i\000l\000l\000\137\000a\000l\000l\000\137\000m\000a\000n\000a\000g\000e\000d\000\137\000p\000r\000o\000c\000e\000s\000s\000e\000s\000\051}{chapter.9}% 60
\BOOKMARK [1][-]{section.9.3}{\376\377\000L\000o\000g\000g\000i\000n\000g\000\040\000U\000t\000i\000l\000i\000t\000i\000e\000s}{chapter.9}% 61
\BOOKMARK [1][-]{section.9.4}{\376\377\000E\000x\000c\000e\000p\000t\000i\000o\000n\000\040\000T\000a\000x\000o\000n\000o\000m\000y}{chapter.9}% 62
\BOOKMARK [1][-]{section.9.5}{\376\377\000C\000L\000I\000\040\000E\000n\000t\000r\000y\000\040\000\050\000c\000o\000r\000e\000/\000r\000u\000n\000\137\000p\000r\000o\000x\000y\000.\000p\000y\000\051}{chapter.9}% 63
\BOOKMARK [-1][-]{part.3}{\376\377\000I\000I\000I\000\040\000S\000c\000h\000e\000d\000u\000l\000e\000r\000s\000,\000\040\000T\000e\000l\000e\000m\000e\000t\000r\000y\000,\000\040\000a\000n\000d\000\040\000P\000o\000l\000i\000c\000y}{}% 64
\BOOKMARK [0][-]{chapter.10}{\376\377\000D\000r\000o\000n\000e\000\040\000S\000c\000h\000e\000d\000u\000l\000e\000r\000\040\000\050\000C\000o\000n\000t\000r\000o\000l\000l\000e\000r\000\051}{part.3}% 65
\BOOKMARK [1][-]{section.10.1}{\376\377\000T\000e\000l\000e\000m\000e\000t\000r\000y\000\040\000I\000n\000t\000a\000k\000e\000\040\000\050\000T\000e\000l\000e\000m\000e\000t\000r\000y\000L\000i\000s\000t\000e\000n\000e\000r\000\051}{chapter.10}% 66
\BOOKMARK [1][-]{section.10.2}{\376\377\000D\000e\000c\000i\000s\000i\000o\000n\000\040\000C\000o\000n\000t\000e\000x\000t\000\040\000\050\000D\000e\000c\000i\000s\000i\000o\000n\000C\000o\000n\000t\000e\000x\000t\000\051}{chapter.10}% 67
\BOOKMARK [1][-]{section.10.3}{\376\377\000P\000o\000l\000i\000c\000y\000\040\000E\000v\000a\000l\000u\000a\000t\000i\000o\000n\000\040\000\050\000T\000e\000l\000e\000m\000e\000t\000r\000y\000A\000w\000a\000r\000e\000P\000o\000l\000i\000c\000y\000V\0002\000\051}{chapter.10}% 68
\BOOKMARK [1][-]{section.10.4}{\376\377\000A\000c\000t\000i\000o\000n\000\040\000E\000x\000e\000c\000u\000t\000i\000o\000n\000\040\000\050\000e\000x\000e\000c\000u\000t\000e\000\137\000a\000c\000t\000i\000o\000n\000\051}{chapter.10}% 69
\BOOKMARK [1][-]{section.10.5}{\376\377\000E\000c\000h\000o\000\040\000P\000a\000t\000h\000\040\000\050\000U\000d\000p\000E\000c\000h\000o\000S\000e\000r\000v\000e\000r\000\051}{chapter.10}% 70
\BOOKMARK [1][-]{section.10.6}{\376\377\000P\000r\000o\000x\000y\000\040\000M\000a\000n\000a\000g\000e\000m\000e\000n\000t\000\040\000\050\000D\000r\000o\000n\000e\000P\000r\000o\000x\000y\000M\000a\000n\000a\000g\000e\000r\000\051}{chapter.10}% 71
\BOOKMARK [1][-]{section.10.7}{\376\377\000M\000a\000i\000n\000\040\000L\000o\000o\000p\000\040\000\050\000r\000u\000n\000\137\000s\000c\000h\000e\000d\000u\000l\000e\000r\000\051}{chapter.10}% 72
\BOOKMARK [1][-]{section.10.8}{\376\377\000T\000a\000b\000l\000e\000s}{chapter.10}% 73
\BOOKMARK [0][-]{chapter.11}{\376\377\000G\000C\000S\000\040\000S\000c\000h\000e\000d\000u\000l\000e\000r\000\040\000\050\000F\000o\000l\000l\000o\000w\000e\000r\000\051}{part.3}% 74
\BOOKMARK [1][-]{section.11.1}{\376\377\000C\000o\000n\000t\000r\000o\000l\000\040\000S\000e\000r\000v\000e\000r\000\040\000\050\000C\000o\000n\000t\000r\000o\000l\000S\000e\000r\000v\000e\000r\000\051}{chapter.11}% 75
\BOOKMARK [1][-]{section.11.2}{\376\377\000P\000r\000o\000x\000y\000\040\000M\000a\000n\000a\000g\000e\000m\000e\000n\000t\000\040\000\050\000G\000c\000s\000P\000r\000o\000x\000y\000M\000a\000n\000a\000g\000e\000r\000\051}{chapter.11}% 76
\BOOKMARK [1][-]{section.11.3}{\376\377\000T\000e\000l\000e\000m\000e\000t\000r\000y\000\040\000S\000e\000n\000d\000e\000r}{chapter.11}% 77
\BOOKMARK [1][-]{section.11.4}{\376\377\000M\000A\000V\000P\000r\000o\000x\000y\000\040\000L\000i\000f\000e\000c\000y\000c\000l\000e\000\040\000\050\000s\000t\000a\000r\000t\000\137\000p\000e\000r\000s\000i\000s\000t\000e\000n\000t\000\137\000m\000a\000v\000p\000r\000o\000x\000y\000\051}{chapter.11}% 78
\BOOKMARK [1][-]{section.11.5}{\376\377\000C\000l\000e\000a\000n\000u\000p\000\040\000a\000n\000d\000\040\000M\000a\000i\000n}{chapter.11}% 79
\BOOKMARK [0][-]{chapter.12}{\376\377\000P\000o\000l\000i\000c\000y\000\040\000E\000n\000g\000i\000n\000e\000\040\000\050\000T\000e\000l\000e\000m\000e\000t\000r\000y\000-\000A\000w\000a\000r\000e\000\051}{part.3}% 80
\BOOKMARK [1][-]{section.12.1}{\376\377\000S\000e\000t\000t\000i\000n\000g\000s\000\040\000\050\000l\000o\000a\000d\000\137\000s\000e\000t\000t\000i\000n\000g\000s\000\051}{chapter.12}% 81
\BOOKMARK [1][-]{section.12.2}{\376\377\000D\000e\000c\000i\000s\000i\000o\000n\000\040\000I\000n\000p\000u\000t\000/\000O\000u\000t\000p\000u\000t\000\040\000\050\000D\000e\000c\000i\000s\000i\000o\000n\000I\000n\000p\000u\000t\000,\000\040\000P\000o\000l\000i\000c\000y\000O\000u\000t\000p\000u\000t\000\051}{chapter.12}% 82
\BOOKMARK [1][-]{section.12.3}{\376\377\000S\000c\000o\000r\000i\000n\000g\000\040\000L\000o\000g\000i\000c\000\040\000\050\000T\000e\000l\000e\000m\000e\000t\000r\000y\000A\000w\000a\000r\000e\000P\000o\000l\000i\000c\000y\000V\0002\000.\000e\000v\000a\000l\000u\000a\000t\000e\000\051}{chapter.12}% 83
\BOOKMARK [1][-]{section.12.4}{\376\377\000S\000u\000i\000t\000e\000\040\000T\000i\000e\000r\000i\000n\000g\000\040\000\050\000g\000e\000t\000\137\000s\000u\000i\000t\000e\000\137\000t\000i\000e\000r\000\051}{chapter.12}% 84
\BOOKMARK [1][-]{section.12.5}{\376\377\000R\000e\000k\000e\000y\000\040\000A\000c\000c\000o\000u\000n\000t\000i\000n\000g\000\040\000\050\000r\000e\000c\000o\000r\000d\000\137\000r\000e\000k\000e\000y\000\051}{chapter.12}% 85
\BOOKMARK [0][-]{chapter.13}{\376\377\000T\000e\000l\000e\000m\000e\000t\000r\000y\000\040\000C\000o\000l\000l\000e\000c\000t\000i\000o\000n\000\040\000a\000n\000d\000\040\000W\000i\000n\000d\000o\000w\000s}{part.3}% 86
\BOOKMARK [1][-]{section.13.1}{\376\377\000G\000C\000S\000\040\000M\000e\000t\000r\000i\000c\000s\000\040\000C\000o\000l\000l\000e\000c\000t\000o\000r\000\040\000\050\000G\000c\000s\000M\000e\000t\000r\000i\000c\000s\000C\000o\000l\000l\000e\000c\000t\000o\000r\000\051}{chapter.13}% 87
\BOOKMARK [1][-]{section.13.2}{\376\377\000L\000o\000c\000a\000l\000\040\000M\000o\000n\000i\000t\000o\000r\000\040\000\050\000L\000o\000c\000a\000l\000M\000o\000n\000i\000t\000o\000r\000\051}{chapter.13}% 88
\BOOKMARK [1][-]{section.13.3}{\376\377\000S\000l\000i\000d\000i\000n\000g\000\040\000W\000i\000n\000d\000o\000w\000\040\000\050\000T\000e\000l\000e\000m\000e\000t\000r\000y\000W\000i\000n\000d\000o\000w\000\051}{chapter.13}% 89
\BOOKMARK [1][-]{section.13.4}{\376\377\000T\000a\000b\000l\000e\000s}{chapter.13}% 90
\BOOKMARK [-1][-]{part.4}{\376\377\000I\000V\000\040\000P\000o\000w\000e\000r\000\040\000a\000n\000d\000\040\000M\000o\000n\000i\000t\000o\000r\000i\000n\000g}{}% 91
\BOOKMARK [0][-]{chapter.14}{\376\377\000P\000o\000w\000e\000r\000\040\000M\000o\000n\000i\000t\000o\000r\000i\000n\000g\000\040\000B\000a\000c\000k\000e\000n\000d\000s}{part.4}% 92
\BOOKMARK [1][-]{section.14.1}{\376\377\000I\000n\000t\000e\000r\000f\000a\000c\000e\000s\000\040\000\050\000P\000o\000w\000e\000r\000M\000o\000n\000i\000t\000o\000r\000,\000\040\000P\000o\000w\000e\000r\000S\000u\000m\000m\000a\000r\000y\000,\000\040\000P\000o\000w\000e\000r\000S\000a\000m\000p\000l\000e\000\051}{chapter.14}% 93
\BOOKMARK [1][-]{section.14.2}{\376\377\000I\000N\000A\0002\0001\0009\000\040\000B\000a\000c\000k\000e\000n\000d\000\040\000\050\000I\000n\000a\0002\0001\0009\000P\000o\000w\000e\000r\000M\000o\000n\000i\000t\000o\000r\000\051}{chapter.14}% 94
\BOOKMARK [1][-]{section.14.3}{\376\377\000R\000a\000s\000p\000b\000e\000r\000r\000y\000\040\000P\000i\000\040\0005\000\040\000h\000w\000m\000o\000n\000\040\000\050\000R\000p\000i\0005\000P\000o\000w\000e\000r\000M\000o\000n\000i\000t\000o\000r\000\051}{chapter.14}% 95
\BOOKMARK [1][-]{section.14.4}{\376\377\000P\000i\000\040\000P\000M\000I\000C\000\040\000\050\000R\000p\000i\0005\000P\000m\000i\000c\000P\000o\000w\000e\000r\000M\000o\000n\000i\000t\000o\000r\000\051}{chapter.14}% 96
\BOOKMARK [1][-]{section.14.5}{\376\377\000F\000a\000c\000t\000o\000r\000y\000\040\000\050\000c\000r\000e\000a\000t\000e\000\137\000p\000o\000w\000e\000r\000\137\000m\000o\000n\000i\000t\000o\000r\000\051}{chapter.14}% 97
\BOOKMARK [1][-]{section.14.6}{\376\377\000T\000a\000b\000l\000e\000s}{chapter.14}% 98
\BOOKMARK [-1][-]{part.5}{\376\377\000V\000\040\000A\000p\000p\000e\000n\000d\000i\000c\000e\000s}{}% 99
\BOOKMARK [0][-]{chapter.15}{\376\377\000C\000o\000m\000m\000a\000n\000d\000-\000L\000i\000n\000e\000\040\000I\000n\000t\000e\000r\000f\000a\000c\000e\000s}{part.5}% 100
\BOOKMARK [1][-]{section.15.1}{\376\377\000c\000o\000r\000e\000/\000r\000u\000n\000\137\000p\000r\000o\000x\000y\000.\000p\000y}{chapter.15}% 101
\BOOKMARK [2][-]{subsection.15.1.1}{\376\377\000i\000n\000i\000t\000-\000i\000d\000e\000n\000t\000i\000t\000y}{section.15.1}% 102
\BOOKMARK [2][-]{subsection.15.1.2}{\376\377\000g\000c\000s}{section.15.1}% 103
\BOOKMARK [2][-]{subsection.15.1.3}{\376\377\000d\000r\000o\000n\000e}{section.15.1}% 104
\BOOKMARK [1][-]{section.15.2}{\376\377\000S\000c\000h\000e\000d\000u\000l\000e\000r\000\040\000E\000n\000t\000r\000y\000p\000o\000i\000n\000t\000s}{chapter.15}% 105
\BOOKMARK [0][-]{chapter.16}{\376\377\000O\000p\000e\000n\000\040\000Q\000u\000e\000s\000t\000i\000o\000n\000s\000\040\000a\000n\000d\000\040\000D\000e\000s\000i\000g\000n\000\040\000G\000a\000p\000s}{part.5}% 106
\BOOKMARK [1][-]{section.16.1}{\376\377\000D\000e\000s\000i\000g\000n\000\040\000I\000n\000t\000e\000n\000t\000\040\000U\000n\000c\000l\000e\000a\000r}{chapter.16}% 107
\BOOKMARK [1][-]{section.16.2}{\376\377\000F\000u\000t\000u\000r\000e\000\040\000W\000o\000r\000k}{chapter.16}% 108
